<?xml version="1.0" encoding="UTF-8"?>
<!-- Generated by org.testng.reporters.JUnitXMLReporter -->
<testsuite ignored="0" hostname="VandanaLaptop" failures="0" tests="10" name="Test" time="118.061" errors="0" timestamp="2023-04-02T21:51:25 CDT">
  <testcase classname="com.testscenarios.dragAndDrop" name="f" time="8.192"/>
  <testcase classname="com.testscenarios.FaceBookHighlight" name="f" time="4.417"/>
  <testcase classname="com.testscenarios.JRI_AccountCreation" name="f" time="9.161"/>
  <testcase classname="com.testscenarios.Actions_DoubleClick" name="f" time="13.005"/>
  <testcase classname="com.testscenarios.OpenCart" name="f" time="14.103"/>
  <testcase classname="com.testscenarios.TripatiBalaji" name="f" time="16.162"/>
  <testcase classname="com.testscenarios.MoveToWebelement" name="f" time="13.199"/>
  <testcase classname="com.testscenarios.Megabus" name="f" time="13.212"/>
  <testcase classname="com.testscenarios.JRI_RechargeSignIn" name="f" time="13.694"/>
  <testcase classname="com.testscenarios.OrangeHrm" name="f" time="12.857"/>
</testsuite> <!-- Test -->
