<?xml version="1.0" encoding="UTF-8"?>
<!-- Generated by org.testng.reporters.JUnitXMLReporter -->
<testsuite ignored="0" hostname="VandanaLaptop" failures="0" tests="10" name="Test" time="112.886" errors="0" timestamp="2023-04-06T14:57:35 CDT">
  <testcase classname="com.testscenarios.dragAndDrop" name="f" time="7.915"/>
  <testcase classname="com.testscenarios.FaceBookHighlight" name="f" time="4.068"/>
  <testcase classname="com.testscenarios.JRI_AccountCreation" name="f" time="8.599"/>
  <testcase classname="com.testscenarios.Actions_DoubleClick" name="f" time="9.589"/>
  <testcase classname="com.testscenarios.OpenCart" name="f" time="16.174"/>
  <testcase classname="com.testscenarios.TripatiBalaji" name="f" time="14.414"/>
  <testcase classname="com.testscenarios.MoveToWebelement" name="f" time="13.253"/>
  <testcase classname="com.testscenarios.Megabus" name="f" time="12.827"/>
  <testcase classname="com.testscenarios.JRI_RechargeSignIn" name="f" time="12.527"/>
  <testcase classname="com.testscenarios.OrangeHrm" name="f" time="13.462"/>
</testsuite> <!-- Test -->
